<?xml version="1.0" encoding="UTF-8"?>
<testsuites name="TS1" time="10.645" tests="1" failures="0" errors="0">
   <testsuite name="TS1" tests="1" failures="0" errors="0" time="10.645" skipped="0" timestamp="2021-11-20 14:07:47" hostname="kazuakiurayama - localhost" id="Test Suites/main/TS1">
      <properties>
         <property name="deviceName" value=""/>
         <property name="devicePlatform" value=""/>
         <property name="logFolder" value="/Users/kazuakiurayama/katalon-workspace/ReportUtilDriver/Reports/20211120_140743/main/TS1/20211120_140743"/>
         <property name="logFiles" value="/Users/kazuakiurayama/katalon-workspace/ReportUtilDriver/Reports/20211120_140743/main/TS1/20211120_140743/execution0.log"/>
         <property name="attachments" value=""/>
         <property name="hostName" value="kazuakiurayama - localhost"/>
         <property name="os" value="Mac OS X 64bit"/>
         <property name="katalonVersion" value="8.2.0.208"/>
         <property name="browser" value="Chrome 95.0.4638.69"/>
         <property name="hostAddress" value="127.0.0.1"/>
         <property name="sessionId" value="fef172974aaa24996e2e1719d0a9724f"/>
         <property name="seleniumVersion" value="3.141.59"/>
         <property name="proxyInformation" value="ProxyInformation { proxyOption=NO_PROXY, proxyServerType=HTTP, username=, password=********, proxyServerAddress=, proxyServerPort=0, executionList=&quot;&quot;, isApplyToDesiredCapabilities=true }"/>
         <property name="platform" value="Mac OS X"/>
      </properties>
      <testcase name="Test Cases/main/TC1" time="10.144" classname="Test Cases/main/TC1" status="PASSED">
         <system-out><![CDATA[2021-11-20 14:07:47 - [TEST_CASE][PASSED] - Test Cases/main/TC1: Test Cases/main/TC1

2021-11-20 14:07:47 - [TEST_STEP][PASSED] - openBrowser(""): Browser is opened with url: ''

2021-11-20 14:07:48 - [MESSAGE][INFO] - Starting 'Chrome' driver

2021-11-20 14:07:48 - [MESSAGE][INFO] - Action delay is set to 0 milliseconds

2021-11-20 14:07:52 - [MESSAGE][PASSED] - Browser is opened with url: ''

2021-11-20 14:07:52 - [TEST_STEP][PASSED] - navigateToUrl("https://katalon-demo-cura.herokuapp.com/profile.php#login"): Navigate to 'https://katalon-demo-cura.herokuapp.com/profile.php#login' successfully

2021-11-20 14:07:54 - [MESSAGE][PASSED] - Navigate to 'https://katalon-demo-cura.herokuapp.com/profile.php#login' successfully

2021-11-20 14:07:54 - [TEST_STEP][PASSED] - setText(findTestObject("Login/Page_CURA Healthcare Service_Login/input_Username_username"), "John Doe"): Text 'John Doe' is set on object 'Object Repository/Login/Page_CURA Healthcare Service_Login/input_Username_username'

2021-11-20 14:07:56 - [MESSAGE][PASSED] - Text 'John Doe' is set on object 'Object Repository/Login/Page_CURA Healthcare Service_Login/input_Username_username'

2021-11-20 14:07:56 - [TEST_STEP][PASSED] - setEncryptedText(findTestObject("Login/Page_CURA Healthcare Service_Login/input_Password_password"), "g3/DOGG74jC3Flrr3yH+3D/yKbOqqUNM"): Text ****** has been set on object 'Object Repository/Login/Page_CURA Healthcare Service_Login/input_Password_password'

2021-11-20 14:07:56 - [MESSAGE][PASSED] - Text ****** has been set on object 'Object Repository/Login/Page_CURA Healthcare Service_Login/input_Password_password'

2021-11-20 14:07:56 - [TEST_STEP][PASSED] - click(findTestObject("Login/Page_CURA Healthcare Service_Login/button_Login")): Object: 'Object Repository/Login/Page_CURA Healthcare Service_Login/button_Login' is clicked on

2021-11-20 14:07:57 - [MESSAGE][PASSED] - Object: 'Object Repository/Login/Page_CURA Healthcare Service_Login/button_Login' is clicked on

2021-11-20 14:07:57 - [TEST_STEP][PASSED] - closeBrowser(): Browser is closed

2021-11-20 14:07:57 - [MESSAGE][PASSED] - Browser is closed]]></system-out>
         <system-err><![CDATA[]]></system-err>
      </testcase>
      <system-out><![CDATA[2021-11-20 14:07:47 - [TEST_SUITE][PASSED] - TS1: Test Cases/main/TC1]]></system-out>
      <system-err><![CDATA[]]></system-err>
   </testsuite>
</testsuites>
